28/08/2021 23:30:18 - d86ddef9-e016-4823-9694-d0869cd39876 - Confirmed - ""
29/08/2021 00:57:57 - fd128ec6-226e-4241-90c0-4c8336646f6a - In Queue - ""
29/08/2021 00:58:46 - a563ea71-4f25-4444-b85d-e3c598d22d9e - In Queue - ""
29/08/2021 00:58:56 - b192f0f9-c646-48b8-97ef-57cf91a3acba - In Queue - ""
29/08/2021 00:59:47 - baee9b17-59dc-4a42-8cec-72845db666ce - In Queue - ""
29/08/2021 01:02:35 - ff56866d-8109-4258-9fb9-e08bb7e66ce5 - In Queue - ""
29/08/2021 01:02:35 - ff56866d-8109-4258-9fb9-e08bb7e66ce5 - Processing - ""
29/08/2021 01:02:35 - ff56866d-8109-4258-9fb9-e08bb7e66ce5 - Confirmed - ""
29/08/2021 01:02:43 - ffc7cec0-a20f-41da-b9d3-66aa80ed83c2 - In Queue - ""
29/08/2021 01:02:43 - ffc7cec0-a20f-41da-b9d3-66aa80ed83c2 - Processing - ""
29/08/2021 01:02:43 - ffc7cec0-a20f-41da-b9d3-66aa80ed83c2 - Confirmed - ""
29/08/2021 01:03:35 - 317318fd-45e3-4706-81e5-edffc5875f11 - In Queue - ""
29/08/2021 01:03:35 - 317318fd-45e3-4706-81e5-edffc5875f11 - Processing - ""
29/08/2021 01:03:35 - 317318fd-45e3-4706-81e5-edffc5875f11 - Confirmed - ""
29/08/2021 01:03:48 - 304a1b6f-d2aa-4d26-8ec7-06b1c3bf2262 - In Queue - ""
29/08/2021 01:03:48 - 304a1b6f-d2aa-4d26-8ec7-06b1c3bf2262 - Processing - ""
29/08/2021 01:03:48 - 304a1b6f-d2aa-4d26-8ec7-06b1c3bf2262 - Confirmed - ""
29/08/2021 01:04:12 - b21024cd-c734-430b-bf02-ef36dbf5d8a2 - In Queue - ""
29/08/2021 01:04:12 - b21024cd-c734-430b-bf02-ef36dbf5d8a2 - Processing - ""
29/08/2021 01:04:12 - b21024cd-c734-430b-bf02-ef36dbf5d8a2 - Confirmed - ""
29/08/2021 01:11:03 - b941fd9a-6ecb-4c75-acd7-fe8574841d43 - In Queue - ""
29/08/2021 01:11:06 - b941fd9a-6ecb-4c75-acd7-fe8574841d43 - Processing - ""
29/08/2021 01:11:09 - b941fd9a-6ecb-4c75-acd7-fe8574841d43 - Confirmed - ""
29/08/2021 01:11:12 - b36d236b-3587-4b9e-955d-83313a811ce6 - In Queue - ""
29/08/2021 01:11:15 - b36d236b-3587-4b9e-955d-83313a811ce6 - Processing - ""
29/08/2021 01:11:18 - b36d236b-3587-4b9e-955d-83313a811ce6 - Confirmed - ""
29/08/2021 01:11:24 - 0e07c4af-29c2-4ce9-af92-d9bcd597cfde - In Queue - ""
29/08/2021 01:11:27 - 0e07c4af-29c2-4ce9-af92-d9bcd597cfde - Processing - ""
29/08/2021 01:11:30 - 0e07c4af-29c2-4ce9-af92-d9bcd597cfde - Confirmed - ""
29/08/2021 01:12:05 - 2310b0b2-3e81-4e58-9122-6e9f27cd83d9 - In Queue - ""
29/08/2021 01:12:27 - bf94f10c-b198-4217-afe5-1b38cd2d789e - In Queue - ""
29/08/2021 01:12:43 - edbe694b-b780-4f80-ad37-4b2d232b339b - In Queue - ""
29/08/2021 01:13:15 - bdedb0fe-ce82-4c4d-81d8-cad3f0d082bf - In Queue - ""
29/08/2021 01:13:18 - bdedb0fe-ce82-4c4d-81d8-cad3f0d082bf - Processing - ""
29/08/2021 01:13:21 - bdedb0fe-ce82-4c4d-81d8-cad3f0d082bf - Confirmed - ""
29/08/2021 01:13:28 - 97b26109-93ec-4a17-b528-5e84b1ebb7ad - In Queue - ""
29/08/2021 01:13:31 - 97b26109-93ec-4a17-b528-5e84b1ebb7ad - Confirmed - "Account 35356156x Not Found"
29/08/2021 01:18:23 - 07b2fc7f-c8c4-4219-849e-dabd308203c2 - In Queue - ""
29/08/2021 01:18:23 - 07b2fc7f-c8c4-4219-849e-dabd308203c2 - Error - "Account 35356156x Not Found"
29/08/2021 01:18:26 - 07b2fc7f-c8c4-4219-849e-dabd308203c2 - Confirmed - "Account 35356156x Not Found"
29/08/2021 01:25:40 - 6cf707d1-a36d-4eec-8316-5755874f5f52 - In Queue - ""
29/08/2021 01:26:02 - dff73921-c88d-4d2f-a699-42d9096b5e8f - In Queue - ""
29/08/2021 01:26:13 - cc9debac-9769-4d84-a0e2-3736a3a2aae6 - In Queue - ""
29/08/2021 01:28:28 - 01ca5b6e-8302-460f-ac37-4f5a7c47b8e7 - In Queue - ""
29/08/2021 01:28:28 - 01ca5b6e-8302-460f-ac37-4f5a7c47b8e7 - Error - "Account 35356156x Not Found"
29/08/2021 01:28:38 - dbe359ed-f0fd-4869-a956-e7654aca7a7d - In Queue - ""
29/08/2021 01:28:38 - dbe359ed-f0fd-4869-a956-e7654aca7a7d - Error - "Account 35356156x Not Found"
29/08/2021 01:29:03 - 1f8ba8a4-40d8-4dda-9fa8-ba15fdf05382 - In Queue - ""
29/08/2021 01:31:02 - b893f8a0-f2cf-4d14-b199-eb226447bb44 - In Queue - ""
29/08/2021 01:31:05 - b893f8a0-f2cf-4d14-b199-eb226447bb44 - Processing - ""
29/08/2021 01:32:05 - a3f9fddb-c9ec-40fe-b634-1c4e1619f45d - In Queue - ""
29/08/2021 01:32:05 - a3f9fddb-c9ec-40fe-b634-1c4e1619f45d - Error - "This look like a Error ¯\_(ツ)_/¯"
29/08/2021 01:32:22 - 176b9fd7-1d7d-42e4-b0c7-337b52e2f180 - In Queue - ""
29/08/2021 01:32:22 - 176b9fd7-1d7d-42e4-b0c7-337b52e2f180 - Error - "This look like a Error ¯\_(ツ)_/¯"
29/08/2021 01:51:19 - 8522494d-2f09-421a-aa60-d069a9a59a8f - In Queue - ""
29/08/2021 01:51:22 - 8522494d-2f09-421a-aa60-d069a9a59a8f - Processing - ""
29/08/2021 01:51:22 - 8522494d-2f09-421a-aa60-d069a9a59a8f - Error - "Account 79596713x Not Found"
29/08/2021 01:51:47 - 66a9558e-fc39-4f48-bf52-c7063e09afd8 - In Queue - ""
29/08/2021 01:51:47 - 66a9558e-fc39-4f48-bf52-c7063e09afd8 - Error - "Account 35356156x Not Found"
29/08/2021 01:54:33 - d617d53d-576a-4ece-bbf4-c5366869e0dd - In Queue - ""
29/08/2021 01:54:33 - d617d53d-576a-4ece-bbf4-c5366869e0dd - Error - "Account 35356156x Not Found"
29/08/2021 01:54:34 - 7394e769-207c-4ddf-a810-06c2f9030549 - In Queue - ""
29/08/2021 01:54:34 - 7394e769-207c-4ddf-a810-06c2f9030549 - Error - "Account 35356156x Not Found"
29/08/2021 01:54:35 - 121466bd-f9ba-4496-a382-0c0f53ad7978 - In Queue - ""
29/08/2021 01:54:35 - 121466bd-f9ba-4496-a382-0c0f53ad7978 - Error - "Account 35356156x Not Found"
29/08/2021 01:54:36 - 70caa9c2-f45f-4728-b7f9-033098c28279 - In Queue - ""
29/08/2021 01:54:36 - 70caa9c2-f45f-4728-b7f9-033098c28279 - Error - "Account 35356156x Not Found"
29/08/2021 01:54:37 - 95538d04-dedf-48a5-aed3-8913d66d2445 - In Queue - ""
29/08/2021 01:54:37 - 95538d04-dedf-48a5-aed3-8913d66d2445 - Error - "Account 35356156x Not Found"
29/08/2021 01:54:39 - 8472ab8f-6600-42c5-881d-c014e9ed99d3 - In Queue - ""
29/08/2021 01:54:39 - 8472ab8f-6600-42c5-881d-c014e9ed99d3 - Error - "Account 35356156x Not Found"
29/08/2021 01:54:47 - be8cd6a5-0fb1-4806-82e3-5b881f23048a - In Queue - ""
29/08/2021 01:54:50 - be8cd6a5-0fb1-4806-82e3-5b881f23048a - Processing - ""
29/08/2021 01:54:53 - 9627db54-b667-4719-b7a2-9ca91d4c0825 - In Queue - ""
29/08/2021 01:54:53 - be8cd6a5-0fb1-4806-82e3-5b881f23048a - Confirmed - ""
29/08/2021 01:54:54 - c9720fd0-0645-4250-a8e6-ec6d5a3238ff - In Queue - ""
29/08/2021 01:54:55 - 821a5a7a-451c-4860-9b56-49a16787e93d - In Queue - ""
29/08/2021 01:54:56 - e9536589-d1f9-42ea-87d4-ef3479ab5e48 - In Queue - ""
29/08/2021 01:54:56 - 9627db54-b667-4719-b7a2-9ca91d4c0825 - Processing - ""
29/08/2021 01:54:57 - c9720fd0-0645-4250-a8e6-ec6d5a3238ff - Processing - ""
29/08/2021 01:54:58 - 821a5a7a-451c-4860-9b56-49a16787e93d - Processing - ""
29/08/2021 01:54:59 - e9536589-d1f9-42ea-87d4-ef3479ab5e48 - Processing - ""
29/08/2021 01:54:59 - 9627db54-b667-4719-b7a2-9ca91d4c0825 - Confirmed - ""
29/08/2021 01:55:00 - c9720fd0-0645-4250-a8e6-ec6d5a3238ff - Confirmed - ""
29/08/2021 01:55:01 - 821a5a7a-451c-4860-9b56-49a16787e93d - Confirmed - ""
29/08/2021 01:55:02 - e9536589-d1f9-42ea-87d4-ef3479ab5e48 - Confirmed - ""
29/08/2021 01:55:26 - 42fa3d59-cc9a-4a0a-b838-bc444ec5b830 - In Queue - ""
29/08/2021 01:55:29 - 42fa3d59-cc9a-4a0a-b838-bc444ec5b830 - Processing - ""
29/08/2021 01:55:32 - 42fa3d59-cc9a-4a0a-b838-bc444ec5b830 - Confirmed - ""
29/08/2021 01:57:44 - 64b91a19-92cd-4817-908c-b7be461c822d - In Queue - ""
29/08/2021 01:57:47 - 64b91a19-92cd-4817-908c-b7be461c822d - Processing - ""
29/08/2021 01:57:50 - 64b91a19-92cd-4817-908c-b7be461c822d - Confirmed - ""
29/08/2021 01:58:10 - fc8b0e40-9992-4f73-a246-ff34d18c7046 - In Queue - ""
29/08/2021 01:58:13 - fc8b0e40-9992-4f73-a246-ff34d18c7046 - Error - "Not enough balance"
29/08/2021 01:59:46 - ebfd4471-c6be-4af5-b8a0-32852bfa15ba - In Queue - ""
29/08/2021 01:59:46 - ebfd4471-c6be-4af5-b8a0-32852bfa15ba - Processing - ""
29/08/2021 01:59:49 - ebfd4471-c6be-4af5-b8a0-32852bfa15ba - Error - "Not enough balance"
29/08/2021 02:00:22 - 3ac7b823-1033-4779-bb79-50a42c86778d - In Queue - ""
29/08/2021 02:00:22 - 3ac7b823-1033-4779-bb79-50a42c86778d - Processing - ""
29/08/2021 02:00:22 - 3ac7b823-1033-4779-bb79-50a42c86778d - Error - "This look like a Error ¯\_(ツ)_/¯"
29/08/2021 02:00:36 - e6c999ed-8b3b-429c-99f2-bc2828a02b43 - In Queue - ""
29/08/2021 02:00:36 - e6c999ed-8b3b-429c-99f2-bc2828a02b43 - Processing - ""
29/08/2021 02:00:36 - e6c999ed-8b3b-429c-99f2-bc2828a02b43 - Error - "This look like a Error ¯\_(ツ)_/¯"
29/08/2021 02:00:44 - a99228dc-2ff8-467b-85cf-45cccd58c7ca - In Queue - ""
29/08/2021 02:00:44 - a99228dc-2ff8-467b-85cf-45cccd58c7ca - Processing - ""
29/08/2021 02:00:44 - a99228dc-2ff8-467b-85cf-45cccd58c7ca - Error - "This look like a Error ¯\_(ツ)_/¯"
29/08/2021 02:13:29 - 4507691e-12b8-47a6-a5df-069cb5bfbf2b - In Queue - ""
29/08/2021 02:13:29 - 4507691e-12b8-47a6-a5df-069cb5bfbf2b - Processing - ""
29/08/2021 02:13:35 - 4507691e-12b8-47a6-a5df-069cb5bfbf2b - Confirmed - ""
29/08/2021 02:15:51 - 02e138b3-b664-484d-821c-6a1f35926dbf - In Queue - ""
29/08/2021 02:15:51 - 02e138b3-b664-484d-821c-6a1f35926dbf - Processing - ""
29/08/2021 02:15:57 - 02e138b3-b664-484d-821c-6a1f35926dbf - Confirmed - ""
